{
  "RSpec": {
    "coverage": {
      "/Users/mikesilvis/Documents/Hungry-Academy/projects/shindig/config/environment.rb": [
        null,
        1,
        null,
        null,
        1
      ],
      "/Users/mikesilvis/Documents/Hungry-Academy/projects/shindig/config/application.rb": [
        1,
        null,
        1,
        null,
        1,
        null,
        1,
        null,
        null,
        null,
        null,
        1,
        1,
        null,
        null,
        null,
        null,
        null,
        null,
        null,
        null,
        null,
        null,
        null,
        null,
        null,
        null,
        null,
        null,
        null,
        null,
        null,
        null,
        null,
        null,
        null,
        1,
        null,
        null,
        1,
        1,
        null,
        null,
        null,
        null,
        null,
        null,
        null,
        null,
        null,
        null,
        1,
        null,
        null,
        1,
        null,
        null,
        1,
        null,
        null
      ],
      "/Users/mikesilvis/Documents/Hungry-Academy/projects/shindig/config/boot.rb": [
        1,
        null,
        null,
        1,
        null,
        1
      ],
      "/Users/mikesilvis/Documents/Hungry-Academy/projects/shindig/config/environments/test.rb": [
        1,
        null,
        null,
        null,
        null,
        null,
        null,
        1,
        null,
        null,
        1,
        1,
        null,
        null,
        1,
        null,
        null,
        1,
        1,
        null,
        null,
        1,
        null,
        null,
        1,
        null,
        null,
        null,
        null,
        1,
        null,
        null,
        1,
        null,
        null,
        1,
        null
      ],
      "/Users/mikesilvis/Documents/Hungry-Academy/projects/shindig/config/initializers/backtrace_silencers.rb": [
        null,
        null,
        null,
        null,
        null,
        null,
        null
      ],
      "/Users/mikesilvis/Documents/Hungry-Academy/projects/shindig/config/initializers/devise.rb": [
        1,
        null,
        null,
        1,
        null,
        null,
        null,
        1,
        null,
        null,
        null,
        null,
        null,
        null,
        null,
        null,
        1,
        null,
        null,
        null,
        null,
        null,
        null,
        null,
        null,
        null,
        1,
        null,
        null,
        null,
        null,
        null,
        null,
        null,
        null,
        null,
        null,
        null,
        1,
        null,
        null,
        null,
        null,
        1,
        null,
        null,
        null,
        null,
        null,
        null,
        null,
        null,
        null,
        null,
        null,
        null,
        null,
        null,
        null,
        null,
        null,
        null,
        null,
        null,
        null,
        null,
        null,
        null,
        null,
        null,
        null,
        null,
        null,
        1,
        null,
        null,
        null,
        null,
        null,
        null,
        null,
        null,
        1,
        null,
        null,
        null,
        null,
        null,
        null,
        null,
        null,
        null,
        null,
        null,
        null,
        null,
        null,
        null,
        null,
        1,
        null,
        null,
        null,
        null,
        null,
        null,
        null,
        null,
        null,
        null,
        null,
        null,
        null,
        null,
        null,
        null,
        null,
        null,
        null,
        null,
        null,
        null,
        null,
        null,
        null,
        null,
        null,
        null,
        null,
        null,
        null,
        null,
        null,
        null,
        null,
        null,
        null,
        null,
        null,
        null,
        null,
        null,
        null,
        null,
        null,
        null,
        null,
        null,
        null,
        null,
        null,
        null,
        null,
        null,
        null,
        null,
        null,
        null,
        null,
        null,
        null,
        null,
        null,
        1,
        null,
        null,
        null,
        null,
        null,
        null,
        null,
        null,
        null,
        null,
        null,
        null,
        null,
        null,
        null,
        null,
        null,
        null,
        null,
        null,
        null,
        null,
        null,
        null,
        null,
        null,
        null,
        null,
        null,
        null,
        null,
        null,
        null,
        null,
        null,
        null,
        null,
        null,
        null,
        1,
        null,
        null,
        null,
        null,
        null,
        null,
        1,
        1,
        null,
        null,
        null,
        null,
        null,
        null,
        null,
        null,
        null,
        null,
        null,
        null,
        null,
        null,
        null,
        null,
        null,
        null,
        null,
        null,
        null,
        null,
        null,
        null
      ],
      "/Users/mikesilvis/Documents/Hungry-Academy/projects/shindig/config/initializers/oath_keys.rb": [
        1,
        0,
        0,
        null,
        0,
        0,
        null
      ],
      "/Users/mikesilvis/Documents/Hungry-Academy/projects/shindig/config/initializers/inflections.rb": [
        null,
        null,
        null,
        null,
        null,
        null,
        null,
        null,
        null,
        null,
        null,
        null,
        null,
        null,
        null
      ],
      "/Users/mikesilvis/Documents/Hungry-Academy/projects/shindig/config/initializers/mime_types.rb": [
        null,
        null,
        null,
        null,
        null
      ],
      "/Users/mikesilvis/Documents/Hungry-Academy/projects/shindig/config/initializers/secret_token.rb": [
        null,
        null,
        null,
        null,
        null,
        null,
        1
      ],
      "/Users/mikesilvis/Documents/Hungry-Academy/projects/shindig/config/initializers/services.rb": [
        1
      ],
      "/Users/mikesilvis/Documents/Hungry-Academy/projects/shindig/config/initializers/session_store.rb": [
        null,
        null,
        1,
        null,
        null,
        null,
        null,
        null
      ],
      "/Users/mikesilvis/Documents/Hungry-Academy/projects/shindig/config/initializers/wrap_parameters.rb": [
        null,
        null,
        null,
        null,
        null,
        null,
        1,
        1,
        null,
        null,
        null,
        1,
        1,
        null
      ],
      "/Users/mikesilvis/Documents/Hungry-Academy/projects/shindig/config/routes.rb": [
        1,
        null,
        1,
        null,
        1,
        1,
        null,
        null,
        1,
        1,
        1,
        null,
        null,
        1,
        null
      ],
      "/Users/mikesilvis/Documents/Hungry-Academy/projects/shindig/app/models/user.rb": [
        1,
        1,
        1,
        1,
        1,
        1,
        1,
        1,
        null,
        1,
        1,
        null,
        null
      ],
      "/Users/mikesilvis/Documents/Hungry-Academy/projects/shindig/app/models/user_oath_helper.rb": [
        1,
        null,
        1,
        1,
        null,
        null,
        1,
        1,
        null,
        null,
        null,
        0,
        null,
        null,
        1,
        null,
        null,
        null,
        null,
        0,
        null,
        null,
        1,
        0,
        0,
        null,
        null,
        1,
        2,
        0,
        0,
        null,
        null,
        null,
        null,
        1,
        2,
        0,
        null,
        null,
        null,
        null
      ],
      "/Users/mikesilvis/Documents/Hungry-Academy/projects/shindig/app/controllers/application_controller.rb": [
        1,
        1,
        null
      ],
      "/Users/mikesilvis/Documents/Hungry-Academy/projects/shindig/app/helpers/application_helper.rb": [
        1,
        null
      ],
      "/Users/mikesilvis/Documents/Hungry-Academy/projects/shindig/app/helpers/attend_helper.rb": [
        1,
        null
      ],
      "/Users/mikesilvis/Documents/Hungry-Academy/projects/shindig/app/controllers/attend_controller.rb": [
        1,
        1,
        0,
        0,
        null,
        null
      ],
      "/Users/mikesilvis/Documents/Hungry-Academy/projects/shindig/app/controllers/events_controller.rb": [
        1,
        1,
        0,
        null,
        null,
        1,
        0,
        null,
        null,
        1,
        0,
        null,
        null
      ],
      "/Users/mikesilvis/Documents/Hungry-Academy/projects/shindig/app/models/event.rb": [
        1,
        1,
        1,
        1,
        1,
        1,
        1,
        null,
        1,
        0,
        null,
        null,
        1,
        0,
        null,
        null,
        1,
        0,
        null,
        null,
        null
      ],
      "/Users/mikesilvis/Documents/Hungry-Academy/projects/shindig/app/controllers/home_controller.rb": [
        1,
        1,
        null,
        null
      ],
      "/Users/mikesilvis/Documents/Hungry-Academy/projects/shindig/app/controllers/users/omniauth_callbacks_controller.rb": [
        1,
        null,
        1,
        2,
        0,
        0,
        null,
        null,
        null,
        1,
        null,
        1,
        0,
        0,
        0,
        null,
        null,
        1,
        0,
        null,
        null,
        1,
        0,
        null,
        null,
        null
      ],
      "/Users/mikesilvis/Documents/Hungry-Academy/projects/shindig/app/lib/twitter_api.rb": [
        1,
        1,
        null,
        1,
        0,
        0,
        null,
        null,
        1,
        0,
        null,
        null,
        1,
        0,
        null,
        null,
        1,
        0,
        null,
        null,
        1,
        null,
        1,
        0,
        null,
        null,
        null,
        1,
        null,
        null,
        null,
        null,
        null,
        0,
        null,
        null,
        null
      ],
      "/Users/mikesilvis/Documents/Hungry-Academy/projects/shindig/app/lib/twitter_user_importer.rb": [
        1,
        1,
        1,
        1,
        null,
        null
      ],
      "/Users/mikesilvis/Documents/Hungry-Academy/projects/shindig/app/models/attendee.rb": [
        1,
        1,
        1,
        1,
        null,
        1,
        0,
        0,
        null,
        null,
        null
      ],
      "/Users/mikesilvis/Documents/Hungry-Academy/projects/shindig/app/models/authentication.rb": [
        1,
        1,
        1,
        null,
        1,
        2,
        0,
        null,
        null,
        null,
        1,
        null,
        0,
        null,
        null,
        null,
        null,
        null,
        null,
        null,
        null,
        1,
        null,
        0,
        null,
        null,
        null,
        null,
        null,
        null,
        null
      ],
      "/Users/mikesilvis/Documents/Hungry-Academy/projects/shindig/app/models/twitter_follower.rb": [
        1,
        1,
        1,
        null,
        null
      ],
      "/Users/mikesilvis/Documents/Hungry-Academy/projects/shindig/app/serializers/event_serializer.rb": [
        1,
        1,
        null
      ],
      "/Users/mikesilvis/Documents/Hungry-Academy/projects/shindig/spec/support/twitter_support.rb": [
        1,
        1,
        null,
        null,
        null,
        1,
        null,
        null,
        null
      ]
    },
    "timestamp": 1340228367
  }
}
